#           time             counts   unit events
    60.061344431           5.137,59 Joules power/energy-pkg/                                                     
   120.121347319           5.219,80 Joules power/energy-pkg/                                                     
   180.181347056           5.204,56 Joules power/energy-pkg/                                                     
   240.241346964           5.196,92 Joules power/energy-pkg/                                                     
   300.301348178           5.193,61 Joules power/energy-pkg/                                                     
   360.361347421           5.187,87 Joules power/energy-pkg/                                                     
   420.421346378           5.185,79 Joules power/energy-pkg/                                                     
   480.481349131           5.179,49 Joules power/energy-pkg/                                                     
   540.541347269           5.180,98 Joules power/energy-pkg/                                                     
   600.601346786           5.181,42 Joules power/energy-pkg/                                                     
   660.661347149           5.179,75 Joules power/energy-pkg/                                                     
   720.721348413           5.181,45 Joules power/energy-pkg/                                                     
   780.781346470           5.177,78 Joules power/energy-pkg/                                                     
   840.841346871           5.174,47 Joules power/energy-pkg/                                                     
   900.901348389           5.171,93 Joules power/energy-pkg/                                                     
   960.961346869           5.168,93 Joules power/energy-pkg/                                                     
  1021.021347746           5.166,27 Joules power/energy-pkg/                                                     
  1081.081347651           5.168,44 Joules power/energy-pkg/                                                     
  1141.141347306           5.166,48 Joules power/energy-pkg/                                                     
  1201.201348031           5.163,25 Joules power/energy-pkg/                                                     
  1261.261346288           5.159,17 Joules power/energy-pkg/                                                     
  1321.321350026           5.158,95 Joules power/energy-pkg/                                                     
  1381.385345632           5.161,82 Joules power/energy-pkg/                                                     
  1441.445346560           5.163,80 Joules power/energy-pkg/                                                     
  1501.505346979           5.157,89 Joules power/energy-pkg/                                                     
  1561.565347355           5.160,86 Joules power/energy-pkg/                                                     
#           time             counts   unit events
  1621.625346513           5.154,86 Joules power/energy-pkg/                                                     
  1681.685347293           5.160,31 Joules power/energy-pkg/                                                     
  1741.745349138           5.161,06 Joules power/energy-pkg/                                                     
  1801.805347081           5.157,96 Joules power/energy-pkg/                                                     
  1861.865346529           5.154,64 Joules power/energy-pkg/                                                     
  1921.925347874           5.153,28 Joules power/energy-pkg/                                                     
  1981.985347285           5.144,43 Joules power/energy-pkg/                                                     
  2042.045346079           5.141,36 Joules power/energy-pkg/                                                     
  2102.105347665           5.146,47 Joules power/energy-pkg/                                                     
  2162.165346777           5.146,92 Joules power/energy-pkg/                                                     
  2222.225346319           5.146,42 Joules power/energy-pkg/                                                     
  2282.285347020           5.144,33 Joules power/energy-pkg/                                                     
  2342.345346528           5.138,09 Joules power/energy-pkg/                                                     
  2402.405346632           5.138,99 Joules power/energy-pkg/                                                     
  2462.465347087           5.141,62 Joules power/energy-pkg/                                                     
  2522.525348221           5.143,70 Joules power/energy-pkg/                                                     
  2582.585347467           5.139,93 Joules power/energy-pkg/                                                     
  2642.645345929           5.139,66 Joules power/energy-pkg/                                                     
  2702.705347297           5.136,72 Joules power/energy-pkg/                                                     
  2762.765346739           5.138,68 Joules power/energy-pkg/                                                     
  2822.825348513           4.356,64 Joules power/energy-pkg/                                                     
  2882.885363617           2.733,17 Joules power/energy-pkg/                                                     
  2942.945365634           4.661,18 Joules power/energy-pkg/                                                     
  3003.005364487           4.542,60 Joules power/energy-pkg/                                                     
  3063.065397842           4.577,75 Joules power/energy-pkg/                                                     
  3123.125361104           4.581,88 Joules power/energy-pkg/                                                     
#           time             counts   unit events
  3183.185372035           4.530,49 Joules power/energy-pkg/                                                     
  3243.245346482           3.562,52 Joules power/energy-pkg/                                                     
  3303.305449702           4.451,03 Joules power/energy-pkg/                                                     
  3363.365597464           3.241,94 Joules power/energy-pkg/                                                     
  3423.428348546           3.357,93 Joules power/energy-pkg/                                                     
  3483.488351575           4.362,53 Joules power/energy-pkg/                                                     
  3543.548347818           4.381,51 Joules power/energy-pkg/                                                     
  3603.608355625           4.446,58 Joules power/energy-pkg/                                                     
  3663.668349040           4.340,96 Joules power/energy-pkg/                                                     
  3723.728350440           4.127,69 Joules power/energy-pkg/                                                     
  3783.788347947           4.200,04 Joules power/energy-pkg/                                                     
  3843.848350713           4.186,99 Joules power/energy-pkg/                                                     
  3903.908346929           4.171,14 Joules power/energy-pkg/                                                     
  3963.968348245           4.061,59 Joules power/energy-pkg/                                                     
  4024.028346829           4.110,69 Joules power/energy-pkg/                                                     
  4084.088352147           3.836,02 Joules power/energy-pkg/                                                     
  4144.149431063           2.751,67 Joules power/energy-pkg/                                                     
  4204.209357244           4.600,87 Joules power/energy-pkg/                                                     
  4264.269352809           4.630,13 Joules power/energy-pkg/                                                     
  4324.329351278           4.494,75 Joules power/energy-pkg/                                                     
  4384.389352364           4.376,15 Joules power/energy-pkg/                                                     
  4444.449354480           4.657,93 Joules power/energy-pkg/                                                     
  4504.509357339           4.613,19 Joules power/energy-pkg/                                                     
  4564.569358194           4.654,58 Joules power/energy-pkg/                                                     
  4624.629353426           4.566,14 Joules power/energy-pkg/                                                     
  4684.689355951           4.644,70 Joules power/energy-pkg/                                                     
#           time             counts   unit events
  4744.749356553           4.641,91 Joules power/energy-pkg/                                                     
  4804.799438316           3.636,64 Joules power/energy-pkg/                                                     
  4864.861354955           2.979,50 Joules power/energy-pkg/                                                     
  4924.921352553           4.612,17 Joules power/energy-pkg/                                                     
  4984.981357263           4.505,80 Joules power/energy-pkg/                                                     
  5045.041353395           4.674,67 Joules power/energy-pkg/                                                     
  5105.101357523           4.679,95 Joules power/energy-pkg/                                                     
  5165.161357880           4.725,46 Joules power/energy-pkg/                                                     
  5225.221357813           4.653,33 Joules power/energy-pkg/                                                     
  5285.281356260           4.666,18 Joules power/energy-pkg/                                                     
  5345.337797122           3.520,28 Joules power/energy-pkg/                                                     
  5405.401344730           2.178,45 Joules power/energy-pkg/                                                     
  5465.461346934           4.637,74 Joules power/energy-pkg/                                                     
  5525.521348032           4.133,36 Joules power/energy-pkg/                                                     
  5585.558988355           3.092,62 Joules power/energy-pkg/                                                     
  5645.621714444           4.082,04 Joules power/energy-pkg/                                                     
  5705.681363129           4.617,21 Joules power/energy-pkg/                                                     
  5765.741368928           4.479,74 Joules power/energy-pkg/                                                     
  5825.801386139           4.437,63 Joules power/energy-pkg/                                                     
  5885.861371170           4.459,70 Joules power/energy-pkg/                                                     
  5945.921346362           4.215,60 Joules power/energy-pkg/                                                     
  6005.981347832           4.172,67 Joules power/energy-pkg/                                                     
  6066.041347079           4.154,95 Joules power/energy-pkg/                                                     
  6126.101347282           4.144,62 Joules power/energy-pkg/                                                     
  6186.161348589           4.147,96 Joules power/energy-pkg/                                                     
  6246.221346878           4.112,23 Joules power/energy-pkg/                                                     
#           time             counts   unit events
  6306.281347323           4.119,44 Joules power/energy-pkg/                                                     
  6366.341348369           4.138,21 Joules power/energy-pkg/                                                     
  6426.401347293           4.165,70 Joules power/energy-pkg/                                                     
  6486.461347880           4.133,97 Joules power/energy-pkg/                                                     
  6546.521347972           4.147,05 Joules power/energy-pkg/                                                     
  6606.581346423           4.132,02 Joules power/energy-pkg/                                                     
  6666.641348573           4.166,18 Joules power/energy-pkg/                                                     
  6726.701346757           4.158,34 Joules power/energy-pkg/                                                     
  6786.761716449           4.227,57 Joules power/energy-pkg/                                                     
  6846.821347460           4.196,94 Joules power/energy-pkg/                                                     
  6906.881346629           4.149,40 Joules power/energy-pkg/                                                     
  6966.941346811           4.193,30 Joules power/energy-pkg/                                                     
  7027.001346797           4.140,12 Joules power/energy-pkg/                                                     
  7087.061346351           4.147,82 Joules power/energy-pkg/                                                     
  7147.121346805           4.176,05 Joules power/energy-pkg/                                                     
  7207.181346714           4.179,19 Joules power/energy-pkg/                                                     
  7267.243345104           4.170,49 Joules power/energy-pkg/                                                     
  7327.303347096           4.188,24 Joules power/energy-pkg/                                                     
  7387.363347800           4.175,67 Joules power/energy-pkg/                                                     
  7447.423346958           4.206,37 Joules power/energy-pkg/                                                     
  7507.483346687           4.190,44 Joules power/energy-pkg/                                                     
  7567.543347441           4.193,95 Joules power/energy-pkg/                                                     
  7627.603347515           4.209,30 Joules power/energy-pkg/                                                     
  7687.663346519           4.224,49 Joules power/energy-pkg/                                                     
  7747.723349110           4.204,88 Joules power/energy-pkg/                                                     
  7807.783347337           4.172,34 Joules power/energy-pkg/                                                     
#           time             counts   unit events
  7867.843347853           4.170,41 Joules power/energy-pkg/                                                     
  7927.903348470           4.153,52 Joules power/energy-pkg/                                                     
  7987.963346840           4.147,34 Joules power/energy-pkg/                                                     
  8048.023346959           4.134,50 Joules power/energy-pkg/                                                     
  8108.083346176           4.118,85 Joules power/energy-pkg/                                                     
  8168.143348024           4.142,20 Joules power/energy-pkg/                                                     
  8228.203347486           4.142,22 Joules power/energy-pkg/                                                     
  8288.263347142           4.120,42 Joules power/energy-pkg/                                                     
  8348.323347224           4.093,88 Joules power/energy-pkg/                                                     
  8408.383347446           4.086,45 Joules power/energy-pkg/                                                     
  8468.443346589           4.095,86 Joules power/energy-pkg/                                                     
  8528.503346470           4.095,55 Joules power/energy-pkg/                                                     
  8588.563347702           4.102,04 Joules power/energy-pkg/                                                     
  8648.623348829           4.151,06 Joules power/energy-pkg/                                                     
  8708.683347986           4.167,06 Joules power/energy-pkg/                                                     
  8768.747344211           4.159,80 Joules power/energy-pkg/                                                     
  8828.807347593           4.158,95 Joules power/energy-pkg/                                                     
  8888.867347524           4.106,57 Joules power/energy-pkg/                                                     
  8948.927359359           4.141,20 Joules power/energy-pkg/                                                     
  9008.987346805           4.133,58 Joules power/energy-pkg/                                                     
  9069.047347093           4.102,55 Joules power/energy-pkg/                                                     
Killed
  9129.107349365           3.886,93 Joules power/energy-pkg/                                                     
  9189.139553835           3.027,62 Joules power/energy-pkg/                                                     
  9249.202346604           4.148,44 Joules power/energy-pkg/                                                     
  9309.262351843           4.412,64 Joules power/energy-pkg/                                                     
  9369.322356345           4.559,14 Joules power/energy-pkg/                                                     
#           time             counts   unit events
  9429.382352298           4.555,83 Joules power/energy-pkg/                                                     
  9489.442352004           4.535,68 Joules power/energy-pkg/                                                     
  9549.502354873           4.556,83 Joules power/energy-pkg/                                                     
  9609.562349201           4.494,38 Joules power/energy-pkg/                                                     
  9669.622349997           4.421,83 Joules power/energy-pkg/                                                     
  9729.682351662           4.536,00 Joules power/energy-pkg/                                                     
  9789.742350584           4.613,38 Joules power/energy-pkg/                                                     
  9849.802823776           4.423,96 Joules power/energy-pkg/                                                     
  9909.862946216           2.948,70 Joules power/energy-pkg/                                                     
  9969.926350135           3.710,28 Joules power/energy-pkg/                                                     
 10029.986352875           4.486,31 Joules power/energy-pkg/                                                     
 10090.046349544           4.374,15 Joules power/energy-pkg/                                                     
 10150.106355319           4.293,17 Joules power/energy-pkg/                                                     
 10210.166352979           4.435,78 Joules power/energy-pkg/                                                     
 10270.226356717           4.323,05 Joules power/energy-pkg/                                                     
 10330.286351986           4.466,02 Joules power/energy-pkg/                                                     
 10390.346348939           4.292,77 Joules power/energy-pkg/                                                     
 10450.406353642           4.540,60 Joules power/energy-pkg/                                                     
 10510.466354678           4.587,17 Joules power/energy-pkg/                                                     
 10570.526347468           4.432,20 Joules power/energy-pkg/                                                     
 10630.586350084           3.666,24 Joules power/energy-pkg/                                                     
 10690.638193689           2.763,30 Joules power/energy-pkg/                                                     
 10750.698372055           4.393,45 Joules power/energy-pkg/                                                     
 10810.758360810           4.579,56 Joules power/energy-pkg/                                                     
 10870.818362796           4.702,41 Joules power/energy-pkg/                                                     
 10930.878387522           4.663,78 Joules power/energy-pkg/                                                     
#           time             counts   unit events
 10990.939742735           4.609,02 Joules power/energy-pkg/                                                     
 11050.974783949           4.197,78 Joules power/energy-pkg/                                                     
 11111.034349854           3.097,32 Joules power/energy-pkg/                                                     
 11171.094442077           3.102,43 Joules power/energy-pkg/                                                     
 11231.156361597           3.915,62 Joules power/energy-pkg/                                                     
 11291.216359294           4.818,17 Joules power/energy-pkg/                                                     
 11351.276355583           4.794,57 Joules power/energy-pkg/                                                     
 11411.336350636           4.515,48 Joules power/energy-pkg/                                                     
 11471.396349210           4.430,01 Joules power/energy-pkg/                                                     
 11531.456350286           4.234,54 Joules power/energy-pkg/                                                     
 11591.516348106           4.150,05 Joules power/energy-pkg/                                                     
 11651.576350743           4.108,68 Joules power/energy-pkg/                                                     
 11711.636349144           4.316,55 Joules power/energy-pkg/                                                     
 11771.696354931           4.328,22 Joules power/energy-pkg/                                                     
 11831.756354814           4.480,41 Joules power/energy-pkg/                                                     
 11891.816348122           3.951,13 Joules power/energy-pkg/                                                     
 11951.876348768           2.921,71 Joules power/energy-pkg/                                                     
 12011.938355871           4.587,53 Joules power/energy-pkg/                                                     
 12071.998351432           4.599,02 Joules power/energy-pkg/                                                     
 12132.058348182           4.499,93 Joules power/energy-pkg/                                                     
 12192.118350530           4.404,85 Joules power/energy-pkg/                                                     
 12252.178365997           4.374,95 Joules power/energy-pkg/                                                     
 12312.238353146           4.466,10 Joules power/energy-pkg/                                                     
 12372.298358107           4.624,48 Joules power/energy-pkg/                                                     
 12432.361356925           4.662,92 Joules power/energy-pkg/                                                     
 12492.421364179           4.667,08 Joules power/energy-pkg/                                                     
#           time             counts   unit events
 12552.481527038           3.652,82 Joules power/energy-pkg/                                                     
 12612.541351290           2.946,53 Joules power/energy-pkg/                                                     
 12672.601362643           2.839,76 Joules power/energy-pkg/                                                     
 12732.661360405           4.585,09 Joules power/energy-pkg/                                                     
 12792.722349722           4.741,30 Joules power/energy-pkg/                                                     
 12852.782362841           4.705,48 Joules power/energy-pkg/                                                     
 12912.842694102           4.706,18 Joules power/energy-pkg/                                                     
 12972.902359736           4.736,12 Joules power/energy-pkg/                                                     
 13032.962368223           4.736,38 Joules power/energy-pkg/                                                     
 13093.022387074           4.063,75 Joules power/energy-pkg/                                                     
 13149.240080421           2.888,33 Joules power/energy-pkg/                                                     
