#           time             counts   unit events
    60.061660080           5.054,30 Joules power/energy-pkg/                                                     
   120.121661437           5.141,59 Joules power/energy-pkg/                                                     
   180.181661862           5.143,58 Joules power/energy-pkg/                                                     
   240.241661757           5.113,05 Joules power/energy-pkg/                                                     
   300.301662839           5.127,19 Joules power/energy-pkg/                                                     
   360.361661755           5.111,05 Joules power/energy-pkg/                                                     
   420.421659256           5.109,55 Joules power/energy-pkg/                                                     
   480.481657871           5.110,65 Joules power/energy-pkg/                                                     
   540.541662275           5.108,92 Joules power/energy-pkg/                                                     
   600.601667719           4.318,14 Joules power/energy-pkg/                                                     
   660.664687271           2.560,19 Joules power/energy-pkg/                                                     
   720.724676184           4.470,40 Joules power/energy-pkg/                                                     
   780.784674564           4.646,99 Joules power/energy-pkg/                                                     
   840.844668582           4.731,45 Joules power/energy-pkg/                                                     
   900.904690679           4.690,84 Joules power/energy-pkg/                                                     
   960.964736492           4.417,21 Joules power/energy-pkg/                                                     
  1021.026024426           2.670,45 Joules power/energy-pkg/                                                     
  1081.055687393           2.721,07 Joules power/energy-pkg/                                                     
  1141.115685622           4.347,59 Joules power/energy-pkg/                                                     
  1201.178670047           4.740,54 Joules power/energy-pkg/                                                     
  1261.238683155           4.581,22 Joules power/energy-pkg/                                                     
  1321.298679297           4.492,09 Joules power/energy-pkg/                                                     
  1381.358673167           4.588,07 Joules power/energy-pkg/                                                     
  1441.418669336           4.645,86 Joules power/energy-pkg/                                                     
  1501.478658148           3.360,87 Joules power/energy-pkg/                                                     
  1561.538667207           2.688,88 Joules power/energy-pkg/                                                     
#           time             counts   unit events
  1621.598666750           4.616,05 Joules power/energy-pkg/                                                     
  1681.658668488           4.549,49 Joules power/energy-pkg/                                                     
  1741.718674418           4.550,67 Joules power/energy-pkg/                                                     
  1801.778671314           4.513,42 Joules power/energy-pkg/                                                     
  1861.838674319           4.613,95 Joules power/energy-pkg/                                                     
  1921.898672050           4.644,90 Joules power/energy-pkg/                                                     
  1981.958673405           4.643,70 Joules power/energy-pkg/                                                     
  2042.018831110           4.305,97 Joules power/energy-pkg/                                                     
  2102.039085139           1.334,46 Joules power/energy-pkg/                                                     
  2162.099656489           2.659,08 Joules power/energy-pkg/                                                     
  2222.159686638           2.578,83 Joules power/energy-pkg/                                                     
  2282.219687623           4.376,23 Joules power/energy-pkg/                                                     
  2342.279677415           4.619,87 Joules power/energy-pkg/                                                     
  2402.341198699           4.757,52 Joules power/energy-pkg/                                                     
  2462.400677966           4.756,74 Joules power/energy-pkg/                                                     
  2522.460676987           4.667,50 Joules power/energy-pkg/                                                     
  2582.469615321           1.857,17 Joules power/energy-pkg/                                                     
  2642.529791155           1.333,11 Joules power/energy-pkg/                                                     
  2702.587701734           1.301,27 Joules power/energy-pkg/                                                     
  2762.647841507           1.298,00 Joules power/energy-pkg/                                                     
  2822.707944847           1.296,61 Joules power/energy-pkg/                                                     
  2882.768661372           3.199,46 Joules power/energy-pkg/                                                     
  2942.794238603           2.580,72 Joules power/energy-pkg/                                                     
  3002.857667375           4.588,05 Joules power/energy-pkg/                                                     
  3062.917669367           4.675,56 Joules power/energy-pkg/                                                     
  3122.977672862           4.693,26 Joules power/energy-pkg/                                                     
#           time             counts   unit events
  3183.037663841           4.672,81 Joules power/energy-pkg/                                                     
  3243.097664174           4.561,23 Joules power/energy-pkg/                                                     
  3303.157666247           4.491,74 Joules power/energy-pkg/                                                     
  3363.217669705           4.486,98 Joules power/energy-pkg/                                                     
  3423.277832655           4.209,34 Joules power/energy-pkg/                                                     
  3483.337932282           2.121,43 Joules power/energy-pkg/                                                     
  3543.348085139           1.610,15 Joules power/energy-pkg/                                                     
  3603.408251706           2.780,49 Joules power/energy-pkg/                                                     
  3663.467665869           2.753,23 Joules power/energy-pkg/                                                     
  3723.530662107           3.971,11 Joules power/energy-pkg/                                                     
  3783.590681818           4.717,15 Joules power/energy-pkg/                                                     
  3843.650672001           4.675,55 Joules power/energy-pkg/                                                     
  3903.710668085           4.689,19 Joules power/energy-pkg/                                                     
  3963.770666458           4.511,42 Joules power/energy-pkg/                                                     
  4023.830666091           4.589,37 Joules power/energy-pkg/                                                     
  4083.890669373           4.659,11 Joules power/energy-pkg/                                                     
  4143.950664444           4.712,67 Joules power/energy-pkg/                                                     
  4204.010825572           4.030,29 Joules power/energy-pkg/                                                     
  4264.070926968           2.620,47 Joules power/energy-pkg/                                                     
  4324.130661755           2.491,66 Joules power/energy-pkg/                                                     
  4384.190754718           2.788,32 Joules power/energy-pkg/                                                     
  4444.252664448           4.173,53 Joules power/energy-pkg/                                                     
  4504.312667154           4.700,98 Joules power/energy-pkg/                                                     
  4564.372663160           4.750,18 Joules power/energy-pkg/                                                     
  4624.432672964           4.803,51 Joules power/energy-pkg/                                                     
  4684.492667349           4.735,10 Joules power/energy-pkg/                                                     
#           time             counts   unit events
  4744.552663395           4.575,88 Joules power/energy-pkg/                                                     
  4804.612669015           4.605,51 Joules power/energy-pkg/                                                     
  4864.672671484           4.716,57 Joules power/energy-pkg/                                                     
  4924.732437751           3.986,42 Joules power/energy-pkg/                                                     
  4984.782335976           2.629,83 Joules power/energy-pkg/                                                     
  5025.566247476           1.576,47 Joules power/energy-pkg/                                                     
